<?xml version="1.0" encoding="UTF-8"?>
<!-- Generated by org.testng.reporters.JUnitReportReporter -->
<testsuite hostname="My-Lappy" failures="0" tests="1" name="runners.CRMRunner" time="27.402" errors="0" timestamp="2021-08-12T17:53:29 IST" skipped="0">
  <testcase classname="runners.CRMRunner" name="runScenario" time="27.402"/>
  <system-out/>
</testsuite> <!-- runners.CRMRunner -->
